<?xml version="1.0" encoding="utf-8"?>
<testsuites>
   <testsuite errors="0" failures="1" name="ExampleTest" skipped="0" tests="3" time="2.2372">
      <testcase classname="ExampleTest" name="testOne" time="2.2195">
         <failure type="VerificationFailure">================================================================================
ExampleTest/testOne で検証に失敗しました。
    ----------
    テスト診断:
    ----------
    Testing 6==5
    ----------------
    フレームワーク診断:
    ----------------
    verifyEqual の条件が満たされませんでした。
    --&gt; "isequaln" では数値は等価ではありません。
    --&gt; 失敗テーブル:
            Actual    Expected    Error    RelativeError
            ______    ________    _____    _____________
        
              6          5          1           0.2     
    
    実際の値:
         6
    必要な値:
         5
    -----------
    スタック情報:
    -----------
    C:\Users\sasat\Documents\MATLAB\matlab_unittest_junitstyle\ExampleTest.m (ExampleTest.testOne) (8 行目) 内
================================================================================</failure>
      </testcase>
      <testcase classname="ExampleTest" name="testTwo" time="0.014911"/>
      <testcase classname="ExampleTest" name="testThree" time="0.0027923"/>
   </testsuite>
</testsuites>