<?xml version="1.0" encoding="utf-8"?>
<coverage branch-rate="NaN" branches-covered="NaN" branches-valid="NaN" complexity="NaN"
          line-rate="0.8"
          lines-covered="4"
          lines-valid="5"
          timestamp="1590336745.691"
          version="">
   <sources>
      <source>C:\Users\sasat\Desktop\jenkins_matlab\src\main\</source>
   </sources>
   <packages>
      <package branch-rate="NaN" complexity="NaN" line-rate="0.8" name="">
         <classes>
            <class branch-rate="NaN" complexity="NaN" filename="quadraticSolver.m" line-rate="0.8"
                   name="quadraticSolver">
               <methods/>
               <lines>
                  <line hits="2" number="2"/>
                  <line hits="2" number="3"/>
                  <line hits="2" number="4"/>
                  <line hits="2" number="8"/>
                  <line hits="0" number="9"/>
               </lines>
            </class>
         </classes>
      </package>
   </packages>
</coverage>